<?xml version="1.0" encoding="UTF-8"?>
<testng-results ignored="0" total="1" passed="1" failed="0" skipped="0">
  <reporter-output>
  </reporter-output>
  <suite started-at="2020-10-13T10:28:28 PDT" name="Default suite" finished-at="2020-10-13T10:29:30 PDT" duration-ms="62027">
    <groups>
    </groups>
    <test started-at="2020-10-13T10:28:28 PDT" name="Default test" finished-at="2020-10-13T10:29:30 PDT" duration-ms="62027">
      <class name="deviceLoginPage.tests.TC_99_ClickResetDeviceOption">
        <test-method is-config="true" signature="setupReport()[pri:0, instance:deviceLoginPage.tests.TC_99_ClickResetDeviceOption@48aaecc3]" started-at="2020-10-13T10:28:28 PDT" name="setupReport" finished-at="2020-10-13T10:28:28 PDT" duration-ms="116" status="PASS">
          <reporter-output>
          </reporter-output>
        </test-method> <!-- setupReport -->
        <test-method is-config="true" signature="setUp()[pri:0, instance:deviceLoginPage.tests.TC_99_ClickResetDeviceOption@48aaecc3]" started-at="2020-10-13T10:28:28 PDT" name="setUp" finished-at="2020-10-13T10:28:53 PDT" duration-ms="24955" status="PASS">
          <reporter-output>
          </reporter-output>
        </test-method> <!-- setUp -->
        <test-method is-config="true" signature="setupMethod(java.lang.reflect.Method)[pri:0, instance:deviceLoginPage.tests.TC_99_ClickResetDeviceOption@48aaecc3]" started-at="2020-10-13T10:28:53 PDT" name="setupMethod" finished-at="2020-10-13T10:28:53 PDT" duration-ms="3" status="PASS">
          <params>
            <param index="0">
              <value>
                <![CDATA[public void deviceLoginPage.tests.TC_99_ClickResetDeviceOption.ResetDevice_CancelOption() throws java.lang.InterruptedException]]>
              </value>
            </param>
          </params>
          <reporter-output>
          </reporter-output>
        </test-method> <!-- setupMethod -->
        <test-method signature="ResetDevice_CancelOption()[pri:0, instance:deviceLoginPage.tests.TC_99_ClickResetDeviceOption@48aaecc3]" started-at="2020-10-13T10:28:53 PDT" name="ResetDevice_CancelOption" finished-at="2020-10-13T10:29:30 PDT" duration-ms="37039" status="PASS">
          <reporter-output>
          </reporter-output>
        </test-method> <!-- ResetDevice_CancelOption -->
        <test-method is-config="true" signature="tearDownMethod(org.testng.ITestResult)[pri:0, instance:deviceLoginPage.tests.TC_99_ClickResetDeviceOption@48aaecc3]" started-at="2020-10-13T10:29:30 PDT" name="tearDownMethod" finished-at="2020-10-13T10:29:30 PDT" duration-ms="2" status="PASS">
          <params>
            <param index="0">
              <value>
                <![CDATA[[TestResult name=ResetDevice_CancelOption status=SUCCESS method=TC_99_ClickResetDeviceOption.ResetDevice_CancelOption()[pri:0, instance:deviceLoginPage.tests.TC_99_ClickResetDeviceOption@48aaecc3] output={null}]]]>
              </value>
            </param>
          </params>
          <reporter-output>
          </reporter-output>
        </test-method> <!-- tearDownMethod -->
        <test-method is-config="true" signature="tearDown()[pri:0, instance:deviceLoginPage.tests.TC_99_ClickResetDeviceOption@48aaecc3]" started-at="2020-10-13T10:29:30 PDT" name="tearDown" finished-at="2020-10-13T10:29:31 PDT" duration-ms="1047" status="PASS">
          <reporter-output>
          </reporter-output>
        </test-method> <!-- tearDown -->
        <test-method is-config="true" signature="tearDownSuite()[pri:0, instance:deviceLoginPage.tests.TC_99_ClickResetDeviceOption@48aaecc3]" started-at="2020-10-13T10:29:31 PDT" name="tearDownSuite" finished-at="2020-10-13T10:29:32 PDT" duration-ms="311" status="PASS">
          <reporter-output>
          </reporter-output>
        </test-method> <!-- tearDownSuite -->
      </class> <!-- deviceLoginPage.tests.TC_99_ClickResetDeviceOption -->
    </test> <!-- Default test -->
  </suite> <!-- Default suite -->
</testng-results>
