<?xml version="1.0" encoding="UTF-8"?>
<!-- Generated by org.testng.reporters.JUnitReportReporter -->
<testsuite hostname="kushals-MacBook-Pro.local" failures="0" tests="1" name="searchLanguage.tests.TC_34_AbleToTypeIn_SearchLanguage" time="54.483" errors="0" timestamp="2020-09-16T16:00:33 PDT" skipped="0">
  <testcase classname="searchLanguage.tests.TC_34_AbleToTypeIn_SearchLanguage" name="AbleToTypeIn_SearchLanguage" time="54.483"/>
  <system-out/>
</testsuite> <!-- searchLanguage.tests.TC_34_AbleToTypeIn_SearchLanguage -->
