<?xml version="1.0" encoding="UTF-8"?>
<!-- Generated by org.testng.reporters.JUnitReportReporter -->
<testsuite hostname="kushals-MacBook-Pro.local" failures="0" tests="1" name="languageScreen.tests.TC_32_DisplayOfSectionIndex" time="43.969" errors="0" timestamp="2020-09-14T13:50:31 PDT" skipped="0">
  <testcase classname="languageScreen.tests.TC_32_DisplayOfSectionIndex" name="DisplayOfSectionIndex" time="43.969"/>
  <system-out/>
</testsuite> <!-- languageScreen.tests.TC_32_DisplayOfSectionIndex -->
