<?xml version="1.0" encoding="UTF-8"?>
<!-- Generated by org.testng.reporters.JUnitReportReporter -->
<testsuite hostname="kushals-MacBook-Pro.local" failures="0" tests="1" name="authetication.tests.TC_11_AuthCode_MoreThan_10Digits" time="32.866" errors="0" timestamp="2020-09-10T08:57:31 PDT" skipped="0">
  <testcase classname="authetication.tests.TC_11_AuthCode_MoreThan_10Digits" name="AuthCode_MoreThan_10Digits" time="32.866"/>
  <system-out/>
</testsuite> <!-- authetication.tests.TC_11_AuthCode_MoreThan_10Digits -->
