<?xml version="1.0" encoding="UTF-8"?>
<!-- Generated by org.testng.reporters.JUnitReportReporter -->
<testsuite hostname="kushals-MacBook-Pro.local" failures="0" tests="1" name="helpSettingsLink_PriorToLogin.TC_07_Navigate_HelpSettingsPage" time="13.344" errors="0" timestamp="2020-09-01T11:20:44 PDT" skipped="0">
  <testcase classname="helpSettingsLink_PriorToLogin.TC_07_Navigate_HelpSettingsPage" name="NavigateTo_HelpSettingsPage" time="13.344"/>
  <system-out/>
</testsuite> <!-- helpSettingsLink_PriorToLogin.TC_07_Navigate_HelpSettingsPage -->
