<?xml version="1.0" encoding="UTF-8"?>
<!-- Generated by org.testng.reporters.JUnitReportReporter -->
<testsuite hostname="kushals-MacBook-Pro.local" failures="0" tests="1" name="searchLanguage.tests.TC_40_AlertMessage_NoLanguageMatchYourSearch" time="53.106" errors="0" timestamp="2020-09-17T11:35:20 PDT" skipped="0">
  <testcase classname="searchLanguage.tests.TC_40_AlertMessage_NoLanguageMatchYourSearch" name="AlertMessage_NoLanguageMatchYourSearch" time="53.106"/>
  <system-out/>
</testsuite> <!-- searchLanguage.tests.TC_40_AlertMessage_NoLanguageMatchYourSearch -->
