<?xml version="1.0" encoding="UTF-8"?>
<!-- Generated by org.testng.reporters.JUnitReportReporter -->
<testsuite hostname="kushals-MacBook-Pro.local" failures="0" tests="1" name="searchLanguage.tests.TC_37_SearchLanguage_DEUT" time="54.750" errors="0" timestamp="2020-09-16T16:50:07 PDT" skipped="0">
  <testcase classname="searchLanguage.tests.TC_37_SearchLanguage_DEUT" name="SearchLanguage_DEUT" time="54.750"/>
  <system-out/>
</testsuite> <!-- searchLanguage.tests.TC_37_SearchLanguage_DEUT -->
