<?xml version="1.0" encoding="UTF-8"?>
<!-- Generated by org.testng.reporters.JUnitReportReporter -->
<testsuite hostname="kushals-MacBook-Pro.local" failures="0" tests="1" name="searchLanguage.tests.TC_35_SearchLanguage_CHINA" time="56.289" errors="0" timestamp="2020-09-16T16:04:36 PDT" skipped="0">
  <testcase classname="searchLanguage.tests.TC_35_SearchLanguage_CHINA" name="SearchLanguage_CHINA" time="56.289"/>
  <system-out/>
</testsuite> <!-- searchLanguage.tests.TC_35_SearchLanguage_CHINA -->
