<?xml version="1.0" encoding="UTF-8"?>
<!-- Generated by org.testng.reporters.JUnitReportReporter -->
<testsuite hostname="kushals-MacBook-Pro.local" failures="0" tests="1" name="helpSettingsLink_PriorToLogin.TC_10_Display_VersionNumber" time="5.424" errors="0" timestamp="2020-09-14T13:32:08 PDT" skipped="0">
  <testcase classname="helpSettingsLink_PriorToLogin.TC_10_Display_VersionNumber" name="Display_VersionNumber" time="5.424"/>
  <system-out/>
</testsuite> <!-- helpSettingsLink_PriorToLogin.TC_10_Display_VersionNumber -->
