<?xml version="1.0" encoding="UTF-8"?>
<!-- Generated by org.testng.reporters.JUnitReportReporter -->
<testsuite hostname="kushals-MacBook-Pro.local" failures="0" tests="1" name="searchLanguage.tests.TC_38_SearchLanguage_Capital_NonCapitalLetters" time="63.031" errors="0" timestamp="2020-09-16T17:08:30 PDT" skipped="0">
  <testcase classname="searchLanguage.tests.TC_38_SearchLanguage_Capital_NonCapitalLetters" name="SearchLanguage_CapitalNonCapitalLetters" time="63.031"/>
  <system-out/>
</testsuite> <!-- searchLanguage.tests.TC_38_SearchLanguage_Capital_NonCapitalLetters -->
