<?xml version="1.0" encoding="UTF-8"?>
<!-- Generated by org.testng.reporters.JUnitReportReporter -->
<testsuite hostname="kushals-MacBook-Pro.local" failures="0" tests="1" name="OPI_Interpretation.tests.TC_48_CancelCallBeforeConnecting" time="48.489" errors="0" timestamp="2020-09-29T08:51:37 PDT" skipped="0">
  <testcase classname="OPI_Interpretation.tests.TC_48_CancelCallBeforeConnecting" name="CancelCallBeforeConnecting" time="48.489"/>
  <system-out/>
</testsuite> <!-- OPI_Interpretation.tests.TC_48_CancelCallBeforeConnecting -->
