<?xml version="1.0" encoding="UTF-8"?>
<!-- Generated by org.testng.reporters.JUnitReportReporter -->
<testsuite hostname="kushals-MacBook-Pro.local" failures="0" tests="1" name="holdScreen.tests.TC_42_ChoseAudioINT_CancelCallBeforeConnecting" time="50.358" errors="0" timestamp="2020-09-08T15:06:03 PDT" skipped="0">
  <testcase classname="holdScreen.tests.TC_42_ChoseAudioINT_CancelCallBeforeConnecting" name="ChoseAudioINT_CancelCallBeforeConnecting" time="50.358"/>
  <system-out/>
</testsuite> <!-- holdScreen.tests.TC_42_ChoseAudioINT_CancelCallBeforeConnecting -->
