<?xml version="1.0" encoding="UTF-8"?>
<!-- Generated by org.testng.reporters.JUnitReportReporter -->
<testsuite hostname="kushals-MacBook-Pro.local" failures="0" tests="1" name="holdScreen.tests.TC_44_ChoseVideoINT_CancelCallBeforeConnecting" time="59.577" errors="0" timestamp="2020-09-22T13:14:16 PDT" skipped="0">
  <testcase classname="holdScreen.tests.TC_44_ChoseVideoINT_CancelCallBeforeConnecting" name="ChoseVideoINT_CancelCallBeforeConnecting" time="59.577"/>
  <system-out/>
</testsuite> <!-- holdScreen.tests.TC_44_ChoseVideoINT_CancelCallBeforeConnecting -->
