<?xml version="1.0" encoding="UTF-8"?>
<!-- Generated by org.testng.reporters.JUnitReportReporter -->
<testsuite hostname="kushals-MacBook-Pro.local" failures="0" tests="1" name="authetication.tests.TC_20_Max_AuthCode_LimitReached" time="29.637" errors="0" timestamp="2020-09-09T09:38:30 PDT" skipped="0">
  <testcase classname="authetication.tests.TC_20_Max_AuthCode_LimitReached" name="Max_AuthCode_LimitReached" time="29.637"/>
  <system-out/>
</testsuite> <!-- authetication.tests.TC_20_Max_AuthCode_LimitReached -->
