<?xml version="1.0" encoding="UTF-8"?>
<!-- Generated by org.testng.reporters.JUnitReportReporter -->
<testsuite hostname="kushals-MacBook-Pro.local" failures="0" tests="1" name="authetication.tests.TC_23_EnterSpecialChar_DeviceName" time="42.615" errors="0" timestamp="2020-09-09T10:04:56 PDT" skipped="0">
  <testcase classname="authetication.tests.TC_23_EnterSpecialChar_DeviceName" name="EnterSpecialChar_DeviceName" time="42.615"/>
  <system-out/>
</testsuite> <!-- authetication.tests.TC_23_EnterSpecialChar_DeviceName -->
