<?xml version="1.0" encoding="UTF-8"?>
<!-- Generated by org.testng.reporters.JUnitReportReporter -->
<testsuite hostname="kushals-MacBook-Pro.local" failures="0" tests="1" name="languageScreen.tests.TC_33_LanguagesDisplayed_BasedOnIndex" time="52.305" errors="0" timestamp="2020-09-16T11:21:25 PDT" skipped="0">
  <testcase classname="languageScreen.tests.TC_33_LanguagesDisplayed_BasedOnIndex" name="LanguagesDisplayed_BasedOnIndex" time="52.305"/>
  <system-out/>
</testsuite> <!-- languageScreen.tests.TC_33_LanguagesDisplayed_BasedOnIndex -->
