<?xml version="1.0" encoding="UTF-8"?>
<!-- Generated by org.testng.reporters.JUnitReportReporter -->
<testsuite hostname="kushals-MacBook-Pro.local" failures="0" tests="1" name="authetication.tests.TC_13_AutheticationCode_LessMinimumLength" time="29.358" errors="0" timestamp="2020-09-08T08:56:59 PDT" skipped="0">
  <testcase classname="authetication.tests.TC_13_AutheticationCode_LessMinimumLength" name="AuthCode_LessMinLength" time="29.358"/>
  <system-out/>
</testsuite> <!-- authetication.tests.TC_13_AutheticationCode_LessMinimumLength -->
