<?xml version="1.0" encoding="UTF-8"?>
<!-- Generated by org.testng.reporters.JUnitReportReporter -->
<testsuite hostname="kushals-MacBook-Pro.local" failures="0" tests="1" name="authetication.tests.TC_15_ValidAuthCode_NoDeviceName" time="29.922" errors="0" timestamp="2020-09-09T08:58:14 PDT" skipped="0">
  <testcase classname="authetication.tests.TC_15_ValidAuthCode_NoDeviceName" name="ValidAuthCode_NoDeviceName" time="29.922"/>
  <system-out/>
</testsuite> <!-- authetication.tests.TC_15_ValidAuthCode_NoDeviceName -->
