<?xml version="1.0" encoding="UTF-8"?>
<!-- Generated by org.testng.reporters.JUnitReportReporter -->
<testsuite hostname="kushals-MacBook-Pro.local" failures="0" tests="1" name="authetication.tests.TC_24_UpdateAuthCode_TollFreeNumber" time="40.168" errors="0" timestamp="2020-09-09T10:10:36 PDT" skipped="0">
  <testcase classname="authetication.tests.TC_24_UpdateAuthCode_TollFreeNumber" name="UpdateAuthCode_TollFreeNumber" time="40.168"/>
  <system-out/>
</testsuite> <!-- authetication.tests.TC_24_UpdateAuthCode_TollFreeNumber -->
