<?xml version="1.0" encoding="UTF-8"?>
<!-- Generated by org.testng.reporters.JUnitReportReporter -->
<testsuite hostname="kushals-MacBook-Pro.local" failures="0" tests="1" name="authetication.tests.TC_25_AuthDevice_ResetDevice_AuthAgain" time="63.960" errors="0" timestamp="2020-09-09T10:20:58 PDT" skipped="0">
  <testcase classname="authetication.tests.TC_25_AuthDevice_ResetDevice_AuthAgain" name="AuthDevice_ResetDevice_AuthAgain" time="63.960"/>
  <system-out/>
</testsuite> <!-- authetication.tests.TC_25_AuthDevice_ResetDevice_AuthAgain -->
