<?xml version="1.0" encoding="UTF-8"?>
<!-- Generated by org.testng.reporters.JUnitReportReporter -->
<testsuite hostname="kushals-MacBook-Pro.local" failures="0" tests="1" name="audio_VideoAuthorization.tests.TC_68_ScheduleForVideoLanguage_OFFHours" time="52.111" errors="0" timestamp="2020-09-29T11:34:25 PDT" skipped="0">
  <testcase classname="audio_VideoAuthorization.tests.TC_68_ScheduleForVideoLanguage_OFFHours" name="ScheduleForVideoLanguage_OFFHours" time="52.111"/>
  <system-out/>
</testsuite> <!-- audio_VideoAuthorization.tests.TC_68_ScheduleForVideoLanguage_OFFHours -->
