<?xml version="1.0" encoding="UTF-8"?>
<!-- Generated by org.testng.reporters.JUnitReportReporter -->
<testsuite hostname="kushals-MacBook-Pro.local" failures="0" tests="1" name="holdScreen.tests.TC_45_VideoLang_NoVideoINTLogged" time="69.641" errors="0" timestamp="2020-09-22T14:12:51 PDT" skipped="0">
  <testcase classname="holdScreen.tests.TC_45_VideoLang_NoVideoINTLogged" name="VideoLang_NoVideoINTLogged" time="69.641"/>
  <system-out/>
</testsuite> <!-- holdScreen.tests.TC_45_VideoLang_NoVideoINTLogged -->
