<?xml version="1.0" encoding="UTF-8"?>
<!-- Generated by org.testng.reporters.JUnitReportReporter -->
<testsuite hostname="kushals-MacBook-Pro.local" failures="0" tests="1" name="helpSettingsLink_PriorToLogin.TC_08_Navigate_FAQsPage" time="24.092" errors="0" timestamp="2020-09-01T13:02:15 PDT" skipped="0">
  <testcase classname="helpSettingsLink_PriorToLogin.TC_08_Navigate_FAQsPage" name="NavigateTo_TechnicalAssistancePage" time="24.092"/>
  <system-out/>
</testsuite> <!-- helpSettingsLink_PriorToLogin.TC_08_Navigate_FAQsPage -->
