<?xml version="1.0" encoding="UTF-8"?>
<!-- Generated by org.testng.reporters.JUnitReportReporter -->
<testsuite hostname="kushals-MacBook-Pro.local" failures="0" tests="1" name="audio_VideoAuthorization.tests.TC_70_DisplayOfAudio" time="63.227" errors="0" timestamp="2020-10-05T12:18:04 PDT" skipped="0">
  <testcase classname="audio_VideoAuthorization.tests.TC_70_DisplayOfAudio" name="DisplayOfAudio" time="63.227"/>
  <system-out/>
</testsuite> <!-- audio_VideoAuthorization.tests.TC_70_DisplayOfAudio -->
