<?xml version="1.0" encoding="UTF-8"?>
<!-- Generated by org.testng.reporters.JUnitReportReporter -->
<testsuite hostname="kushals-MacBook-Pro.local" failures="0" tests="1" name="audio_VideoAuthorization.tests.TC_69_ScheduleForAudioLanguage_OFFHours" time="60.362" errors="0" timestamp="2020-09-29T13:33:21 PDT" skipped="0">
  <testcase classname="audio_VideoAuthorization.tests.TC_69_ScheduleForAudioLanguage_OFFHours" name="ScheduleForAudioLanguage_OFFHours" time="60.362"/>
  <system-out/>
</testsuite> <!-- audio_VideoAuthorization.tests.TC_69_ScheduleForAudioLanguage_OFFHours -->
