<?xml version="1.0" encoding="UTF-8"?>
<!-- Generated by org.testng.reporters.JUnitReportReporter -->
<testsuite hostname="kushals-MacBook-Pro.local" failures="0" tests="1" name="helpSettingsLink_PriorToLogin.TC_09_Navigate_ContactUsPage" time="16.106" errors="0" timestamp="2020-09-01T13:27:11 PDT" skipped="0">
  <testcase classname="helpSettingsLink_PriorToLogin.TC_09_Navigate_ContactUsPage" name="Navigate_ContactUsPage" time="16.106"/>
  <system-out/>
</testsuite> <!-- helpSettingsLink_PriorToLogin.TC_09_Navigate_ContactUsPage -->
